<?xml version="1.0" encoding="UTF-8"?>
<!-- Generated by org.testng.reporters.JUnitReportReporter -->
<testsuite hostname="Priya" failures="0" tests="1" name="com.test.project.d7t2" time="0.006" errors="0" timestamp="28 Mar 2023 10:45:59 GMT" skipped="0">
  <testcase classname="com.test.project.d7t2" name="sum" time="0.006"/>
</testsuite> <!-- com.test.project.d7t2 -->
