<?xml version="1.0" encoding="UTF-8"?>
<!-- Generated by org.testng.reporters.JUnitReportReporter -->
<testsuite hostname="Priya" failures="0" tests="1" name="com.test.project.d7t1" time="0.024" errors="0" timestamp="28 Mar 2023 10:18:35 GMT" skipped="0">
  <testcase classname="com.test.project.d7t1" name="facebook" time="0.024"/>
</testsuite> <!-- com.test.project.d7t1 -->
